Script starting...
Starting main sync process...
Authenticating with API...
Authentication successful
[vpc] Starting sync process...
[vpc] Fetching existing assets from database...
[vpc] Fetching page 1...
[vpc] No more assets found on page 1
[vpc] Total assets from DB: 0
[vpc] Processed 3 assets from AWS...
[vpc] Sending final batch of 3 assets to API
[vpc] Processed final batch of 3 assets
Completed sync for vpc
[subnet] Starting sync process...
[subnet] Fetching existing assets from database...
[subnet] Fetching page 1...
[subnet] No more assets found on page 1
[subnet] Total assets from DB: 0
[subnet] Processed batch of 5 assets
[subnet] Processed batch of 5 assets
[subnet] Processed 12 assets from AWS...
[subnet] Sending final batch of 2 assets to API
[subnet] Processed final batch of 2 assets
Completed sync for subnet
[sg] Starting sync process...
[sg] Fetching existing assets from database...
[sg] Fetching page 1...
[sg] No more assets found on page 1
[sg] Total assets from DB: 0
[sg] Processed batch of 5 assets
[sg] Processed batch of 5 assets
[sg] Processed 10 assets from AWS...
Completed sync for sg
[ec2] Starting sync process...
[ec2] Fetching existing assets from database...
[ec2] Fetching page 1...
[ec2] No more assets found on page 1
[ec2] Total assets from DB: 0
[ec2] Processed batch of 5 assets
[ec2] Processed 5 assets from AWS...
Completed sync for ec2
[s3] Starting sync process...
[s3] Fetching existing assets from database...
[s3] Fetching page 1...
[s3] No more assets found on page 1
[s3] Total assets from DB: 0
[s3] Processed 2 assets from AWS...
[s3] Sending final batch of 2 assets to API
[s3] Processed final batch of 2 assets
Completed sync for s3
[iam_role] Starting sync process...
[iam_role] Fetching existing assets from database...
[iam_role] Fetching page 1...
[iam_role] No more assets found on page 1
[iam_role] Total assets from DB: 0
[iam_role] Processed batch of 5 assets
[iam_role] Processed batch of 5 assets
[iam_role] Processed 11 assets from AWS...
[iam_role] Sending final batch of 1 assets to API
[iam_role] Processed final batch of 1 assets
Completed sync for iam_role
[user] Starting sync process...
[user] Fetching existing assets from database...
[user] Fetching page 1...
[user] No more assets found on page 1
[user] Total assets from DB: 0
[user] Processed 1 assets from AWS...
[user] Sending final batch of 1 assets to API
[user] Processed final batch of 1 assets
Completed sync for user
[iam_policy] Starting sync process...
[iam_policy] Fetching existing assets from database...
[iam_policy] Fetching page 1...
[iam_policy] No more assets found on page 1
[iam_policy] Total assets from DB: 0
[iam_policy] Processed 2 assets from AWS...
[iam_policy] Sending final batch of 2 assets to API
[iam_policy] Processed final batch of 2 assets
Completed sync for iam_policy
All assets synced successfully
